#
# There is insufficient memory for the Java Runtime Environment to continue.
# Native memory allocation (malloc) failed to allocate 144016 bytes for Chunk::new
# Possible reasons:
#   The system is out of physical RAM or swap space
#   The process is running with CompressedOops enabled, and the Java Heap may be blocking the growth of the native heap
# Possible solutions:
#   Reduce memory load on the system
#   Increase physical memory or swap space
#   Check if swap backing store is full
#   Decrease Java heap size (-Xmx/-Xms)
#   Decrease number of Java threads
#   Decrease Java thread stack sizes (-Xss)
#   Set larger code cache with -XX:ReservedCodeCacheSize=
#   JVM is running with Unscaled Compressed Oops mode in which the Java heap is
#     placed in the first 4GB address space. The Java Heap base address is the
#     maximum limit for the native heap growth. Please use -XX:HeapBaseMinAddress
#     to set the Java Heap base and to place the Java Heap above 4GB virtual address.
# This output file may be truncated or incomplete.
#
#  Out of Memory Error (allocation.cpp:389), pid=15864, tid=0x0000000000006834
#
# JRE version: Java(TM) SE Runtime Environment (8.0_221-b11) (build 1.8.0_221-b11)
# Java VM: Java HotSpot(TM) 64-Bit Server VM (25.221-b11 mixed mode windows-amd64 compressed oops)
# Failed to write core dump. Minidumps are not enabled by default on client versions of Windows
#

---------------  T H R E A D  ---------------

Current thread (0x00000000170e2000):  JavaThread "C2 CompilerThread0" daemon [_thread_in_native, id=26676, stack(0x0000000018770000,0x0000000018870000)]

Stack: [0x0000000018770000,0x0000000018870000]
[error occurred during error reporting (printing stack bounds), id 0xc0000005]

Native frames: (J=compiled Java code, j=interpreted, Vv=VM code, C=native code)


Current CompileTask:
C2:   7022 1914       4       net.bytebuddy.jar.asm.Type::appendDescriptor (185 bytes)


---------------  P R O C E S S  ---------------

Java Threads: ( => current thread )
  0x0000000018a9b000 JavaThread "Service Thread" daemon [_thread_blocked, id=24640, stack(0x0000000018e70000,0x0000000018f70000)]
  0x00000000170f3000 JavaThread "C1 CompilerThread2" daemon [_thread_blocked, id=14460, stack(0x0000000018970000,0x0000000018a70000)]
  0x00000000170e4000 JavaThread "C2 CompilerThread1" daemon [_thread_in_native, id=11520, stack(0x0000000018870000,0x0000000018970000)]
=>0x00000000170e2000 JavaThread "C2 CompilerThread0" daemon [_thread_in_native, id=26676, stack(0x0000000018770000,0x0000000018870000)]
  0x00000000170e1000 JavaThread "Attach Listener" daemon [_thread_blocked, id=11608, stack(0x0000000018670000,0x0000000018770000)]
  0x00000000170f1000 JavaThread "Signal Dispatcher" daemon [_thread_blocked, id=24864, stack(0x0000000018570000,0x0000000018670000)]
  0x0000000002c3d800 JavaThread "Finalizer" daemon [_thread_blocked, id=25204, stack(0x0000000018370000,0x0000000018470000)]
  0x00000000170ca000 JavaThread "Reference Handler" daemon [_thread_blocked, id=20444, stack(0x0000000018270000,0x0000000018370000)]
  0x0000000002b44000 JavaThread "main" [_thread_in_vm, id=22888, stack(0x0000000002a40000,0x0000000002b40000)]

Other Threads:
  0x00000000170a7800 VMThread [stack: 0x0000000018170000,0x0000000018270000] [id=19228]
  0x000000001713e800 WatcherThread [stack: 0x0000000018f70000,0x0000000019070000] [id=20360]

VM state:not at safepoint (normal execution)

VM Mutex/Monitor currently owned by a thread: None

heap address: 0x000000008ce00000, size: 1842 MB, Compressed Oops mode: 32-bit
Narrow klass base: 0x0000000000000000, Narrow klass shift: 3
Compressed class space size: 1073741824 Address: 0x0000000100000000

Heap:
 PSYoungGen      total 34816K, used 8917K [0x00000000d9a00000, 0x00000000dc080000, 0x0000000100000000)
  eden space 30208K, 22% used [0x00000000d9a00000,0x00000000da091730,0x00000000db780000)
  from space 4608K, 47% used [0x00000000dbc00000,0x00000000dbe23fd0,0x00000000dc080000)
  to   space 4608K, 0% used [0x00000000db780000,0x00000000db780000,0x00000000dbc00000)
 ParOldGen       total 54784K, used 5768K [0x000000008ce00000, 0x0000000090380000, 0x00000000d9a00000)
  object space 54784K, 10% used [0x000000008ce00000,0x000000008d3a21e0,0x0000000090380000)
 Metaspace       used 11663K, capacity 11832K, committed 12032K, reserved 1060864K
  class space    used 1629K, capacity 1678K, committed 1792K, reserved 1048576K

Card table byte_map: [0x0000000012000000,0x00000000123a0000] byte_map_base: 0x0000000011b99000

Marking Bits: (ParMarkBitMap*) 0x0000000062c35ce0
 Begin Bits: [0x0000000012a10000, 0x00000000146d8000)
 End Bits:   [0x00000000146d8000, 0x00000000163a0000)

Polling page: 0x0000000001180000

CodeCache: size=245760Kb used=6199Kb max_used=6199Kb free=239560Kb
 bounds [0x0000000002c40000, 0x0000000003260000, 0x0000000011c40000]
 total_blobs=2276 nmethods=1935 adapters=251
 compilation: enabled

Compilation events (10 events):
Event: 6.963 Thread 0x00000000170f3000 1939       3       net.bytebuddy.jar.asm.MethodWriter::putMethodInfo (1274 bytes)
Event: 6.975 Thread 0x00000000170f3000 nmethod 1939 0x000000000324e310 code [0x000000000324e9c0, 0x0000000003251f28]
Event: 6.975 Thread 0x00000000170f3000 1937       3       net.bytebuddy.jar.asm.ByteVector::putByteArray (49 bytes)
Event: 6.975 Thread 0x00000000170f3000 nmethod 1937 0x000000000324ae50 code [0x000000000324afc0, 0x000000000324b2f8]
Event: 6.975 Thread 0x00000000170f3000 1938       3       net.bytebuddy.jar.asm.MethodWriter::hasFrames (13 bytes)
Event: 6.976 Thread 0x00000000170f3000 nmethod 1938 0x000000000324aad0 code [0x000000000324ac20, 0x000000000324add0]
Event: 6.976 Thread 0x00000000170f3000 1940       3       net.bytebuddy.jar.asm.Handler::putExceptionTable (63 bytes)
Event: 6.977 Thread 0x00000000170f3000 nmethod 1940 0x0000000003249f10 code [0x000000000324a100, 0x000000000324a648]
Event: 7.017 Thread 0x00000000170f3000 1942       3       sun.reflect.MagicAccessorImpl::<init> (5 bytes)
Event: 7.017 Thread 0x00000000170f3000 nmethod 1942 0x0000000003253f10 code [0x0000000003254060, 0x0000000003254210]

GC Heap History (10 events):
Event: 1.376 GC heap before
{Heap before GC invocations=1 (full 0):
 PSYoungGen      total 34816K, used 30208K [0x00000000d9a00000, 0x00000000dc080000, 0x0000000100000000)
  eden space 30208K, 100% used [0x00000000d9a00000,0x00000000db780000,0x00000000db780000)
  from space 4608K, 0% used [0x00000000dbc00000,0x00000000dbc00000,0x00000000dc080000)
  to   space 4608K, 0% used [0x00000000db780000,0x00000000db780000,0x00000000dbc00000)
 ParOldGen       total 79360K, used 0K [0x000000008ce00000, 0x0000000091b80000, 0x00000000d9a00000)
  object space 79360K, 0% used [0x000000008ce00000,0x000000008ce00000,0x0000000091b80000)
 Metaspace       used 2837K, capacity 4480K, committed 4480K, reserved 1056768K
  class space    used 289K, capacity 384K, committed 384K, reserved 1048576K
Event: 1.386 GC heap after
Heap after GC invocations=1 (full 0):
 PSYoungGen      total 34816K, used 3306K [0x00000000d9a00000, 0x00000000dc080000, 0x0000000100000000)
  eden space 30208K, 0% used [0x00000000d9a00000,0x00000000d9a00000,0x00000000db780000)
  from space 4608K, 71% used [0x00000000db780000,0x00000000dbaba9d8,0x00000000dbc00000)
  to   space 4608K, 0% used [0x00000000dbc00000,0x00000000dbc00000,0x00000000dc080000)
 ParOldGen       total 79360K, used 8K [0x000000008ce00000, 0x0000000091b80000, 0x00000000d9a00000)
  object space 79360K, 0% used [0x000000008ce00000,0x000000008ce02000,0x0000000091b80000)
 Metaspace       used 2837K, capacity 4480K, committed 4480K, reserved 1056768K
  class space    used 289K, capacity 384K, committed 384K, reserved 1048576K
}
Event: 3.060 GC heap before
{Heap before GC invocations=2 (full 0):
 PSYoungGen      total 34816K, used 33514K [0x00000000d9a00000, 0x00000000dc080000, 0x0000000100000000)
  eden space 30208K, 100% used [0x00000000d9a00000,0x00000000db780000,0x00000000db780000)
  from space 4608K, 71% used [0x00000000db780000,0x00000000dbaba9d8,0x00000000dbc00000)
  to   space 4608K, 0% used [0x00000000dbc00000,0x00000000dbc00000,0x00000000dc080000)
 ParOldGen       total 79360K, used 8K [0x000000008ce00000, 0x0000000091b80000, 0x00000000d9a00000)
  object space 79360K, 0% used [0x000000008ce00000,0x000000008ce02000,0x0000000091b80000)
 Metaspace       used 7537K, capacity 7626K, committed 7936K, reserved 1056768K
  class space    used 913K, capacity 945K, committed 1024K, reserved 1048576K
Event: 3.081 GC heap after
Heap after GC invocations=2 (full 0):
 PSYoungGen      total 34816K, used 4589K [0x00000000d9a00000, 0x00000000dc080000, 0x0000000100000000)
  eden space 30208K, 0% used [0x00000000d9a00000,0x00000000d9a00000,0x00000000db780000)
  from space 4608K, 99% used [0x00000000dbc00000,0x00000000dc07b7c0,0x00000000dc080000)
  to   space 4608K, 0% used [0x00000000db780000,0x00000000db780000,0x00000000dbc00000)
 ParOldGen       total 79360K, used 1925K [0x000000008ce00000, 0x0000000091b80000, 0x00000000d9a00000)
  object space 79360K, 2% used [0x000000008ce00000,0x000000008cfe14b8,0x0000000091b80000)
 Metaspace       used 7537K, capacity 7626K, committed 7936K, reserved 1056768K
  class space    used 913K, capacity 945K, committed 1024K, reserved 1048576K
}
Event: 3.828 GC heap before
{Heap before GC invocations=3 (full 0):
 PSYoungGen      total 34816K, used 15597K [0x00000000d9a00000, 0x00000000dc080000, 0x0000000100000000)
  eden space 30208K, 36% used [0x00000000d9a00000,0x00000000da4bfd68,0x00000000db780000)
  from space 4608K, 99% used [0x00000000dbc00000,0x00000000dc07b7c0,0x00000000dc080000)
  to   space 4608K, 0% used [0x00000000db780000,0x00000000db780000,0x00000000dbc00000)
 ParOldGen       total 79360K, used 1925K [0x000000008ce00000, 0x0000000091b80000, 0x00000000d9a00000)
  object space 79360K, 2% used [0x000000008ce00000,0x000000008cfe14b8,0x0000000091b80000)
 Metaspace       used 9426K, capacity 9504K, committed 9600K, reserved 1062912K
  class space    used 1319K, capacity 1370K, committed 1408K, reserved 1048576K
Event: 3.839 GC heap after
Heap after GC invocations=3 (full 0):
 PSYoungGen      total 34816K, used 4592K [0x00000000d9a00000, 0x00000000dc080000, 0x0000000100000000)
  eden space 30208K, 0% used [0x00000000d9a00000,0x00000000d9a00000,0x00000000db780000)
  from space 4608K, 99% used [0x00000000db780000,0x00000000dbbfc200,0x00000000dbc00000)
  to   space 4608K, 0% used [0x00000000dbc00000,0x00000000dbc00000,0x00000000dc080000)
 ParOldGen       total 79360K, used 3330K [0x000000008ce00000, 0x0000000091b80000, 0x00000000d9a00000)
  object space 79360K, 4% used [0x000000008ce00000,0x000000008d1409e8,0x0000000091b80000)
 Metaspace       used 9426K, capacity 9504K, committed 9600K, reserved 1062912K
  class space    used 1319K, capacity 1370K, committed 1408K, reserved 1048576K
}
Event: 3.839 GC heap before
{Heap before GC invocations=4 (full 1):
 PSYoungGen      total 34816K, used 4592K [0x00000000d9a00000, 0x00000000dc080000, 0x0000000100000000)
  eden space 30208K, 0% used [0x00000000d9a00000,0x00000000d9a00000,0x00000000db780000)
  from space 4608K, 99% used [0x00000000db780000,0x00000000dbbfc200,0x00000000dbc00000)
  to   space 4608K, 0% used [0x00000000dbc00000,0x00000000dbc00000,0x00000000dc080000)
 ParOldGen       total 79360K, used 3330K [0x000000008ce00000, 0x0000000091b80000, 0x00000000d9a00000)
  object space 79360K, 4% used [0x000000008ce00000,0x000000008d1409e8,0x0000000091b80000)
 Metaspace       used 9426K, capacity 9504K, committed 9600K, reserved 1062912K
  class space    used 1319K, capacity 1370K, committed 1408K, reserved 1048576K
Event: 3.888 GC heap after
Heap after GC invocations=4 (full 1):
 PSYoungGen      total 34816K, used 0K [0x00000000d9a00000, 0x00000000dc080000, 0x0000000100000000)
  eden space 30208K, 0% used [0x00000000d9a00000,0x00000000d9a00000,0x00000000db780000)
  from space 4608K, 0% used [0x00000000db780000,0x00000000db780000,0x00000000dbc00000)
  to   space 4608K, 0% used [0x00000000dbc00000,0x00000000dbc00000,0x00000000dc080000)
 ParOldGen       total 54784K, used 5760K [0x000000008ce00000, 0x0000000090380000, 0x00000000d9a00000)
  object space 54784K, 10% used [0x000000008ce00000,0x000000008d3a01e0,0x0000000090380000)
 Metaspace       used 9426K, capacity 9504K, committed 9600K, reserved 1060864K
  class space    used 1319K, capacity 1370K, committed 1408K, reserved 1048576K
}
Event: 6.771 GC heap before
{Heap before GC invocations=5 (full 1):
 PSYoungGen      total 34816K, used 30208K [0x00000000d9a00000, 0x00000000dc080000, 0x0000000100000000)
  eden space 30208K, 100% used [0x00000000d9a00000,0x00000000db780000,0x00000000db780000)
  from space 4608K, 0% used [0x00000000db780000,0x00000000db780000,0x00000000dbc00000)
  to   space 4608K, 0% used [0x00000000dbc00000,0x00000000dbc00000,0x00000000dc080000)
 ParOldGen       total 54784K, used 5760K [0x000000008ce00000, 0x0000000090380000, 0x00000000d9a00000)
  object space 54784K, 10% used [0x000000008ce00000,0x000000008d3a01e0,0x0000000090380000)
 Metaspace       used 11503K, capacity 11666K, committed 11904K, reserved 1060864K
  class space    used 1609K, capacity 1645K, committed 1664K, reserved 1048576K
Event: 6.777 GC heap after
Heap after GC invocations=5 (full 1):
 PSYoungGen      total 34816K, used 2191K [0x00000000d9a00000, 0x00000000dc080000, 0x0000000100000000)
  eden space 30208K, 0% used [0x00000000d9a00000,0x00000000d9a00000,0x00000000db780000)
  from space 4608K, 47% used [0x00000000dbc00000,0x00000000dbe23fd0,0x00000000dc080000)
  to   space 4608K, 0% used [0x00000000db780000,0x00000000db780000,0x00000000dbc00000)
 ParOldGen       total 54784K, used 5768K [0x000000008ce00000, 0x0000000090380000, 0x00000000d9a00000)
  object space 54784K, 10% used [0x000000008ce00000,0x000000008d3a21e0,0x0000000090380000)
 Metaspace       used 11503K, capacity 11666K, committed 11904K, reserved 1060864K
  class space    used 1609K, capacity 1645K, committed 1664K, reserved 1048576K
}

Deoptimization events (10 events):
Event: 3.590 Thread 0x0000000002b44000 Uncommon trap: reason=range_check action=make_not_entrant pc=0x0000000002f492a0 method=sun.reflect.generics.parser.SignatureParser.current()C @ 34
Event: 4.375 Thread 0x0000000002b44000 Uncommon trap: reason=class_check action=maybe_recompile pc=0x0000000002f5a068 method=java.util.HashMap.putVal(ILjava/lang/Object;Ljava/lang/Object;ZZ)Ljava/lang/Object; @ 203
Event: 4.376 Thread 0x0000000002b44000 Uncommon trap: reason=class_check action=maybe_recompile pc=0x0000000002f5d19c method=java.util.HashMap.putVal(ILjava/lang/Object;Ljava/lang/Object;ZZ)Ljava/lang/Object; @ 203
Event: 4.376 Thread 0x0000000002b44000 Uncommon trap: reason=class_check action=maybe_recompile pc=0x0000000002f5a068 method=java.util.HashMap.putVal(ILjava/lang/Object;Ljava/lang/Object;ZZ)Ljava/lang/Object; @ 203
Event: 4.392 Thread 0x0000000002b44000 Uncommon trap: reason=class_check action=maybe_recompile pc=0x0000000002f5a068 method=java.util.HashMap.putVal(ILjava/lang/Object;Ljava/lang/Object;ZZ)Ljava/lang/Object; @ 203
Event: 4.405 Thread 0x0000000002b44000 Uncommon trap: reason=class_check action=maybe_recompile pc=0x0000000002f5d19c method=java.util.HashMap.putVal(ILjava/lang/Object;Ljava/lang/Object;ZZ)Ljava/lang/Object; @ 203
Event: 5.532 Thread 0x0000000002b44000 Uncommon trap: reason=null_check action=make_not_entrant pc=0x000000000303db9c method=net.bytebuddy.description.type.TypeDescription$ForLoadedType.getModifiers()I @ 4
Event: 6.518 Thread 0x0000000002b44000 Uncommon trap: reason=null_check action=make_not_entrant pc=0x00000000031c892c method=net.bytebuddy.description.annotation.AnnotationDescription$ForLoadedAnnotation.asValue(Ljava/lang/Object;Ljava/lang/Class;)Lnet/bytebuddy/description/annotation/Annotati
Event: 6.548 Thread 0x0000000002b44000 Uncommon trap: reason=null_check action=make_not_entrant pc=0x00000000031d4670 method=net.bytebuddy.description.annotation.AnnotationDescription$ForLoadedAnnotation.asValue(Ljava/lang/Object;Ljava/lang/Class;)Lnet/bytebuddy/description/annotation/Annotati
Event: 6.945 Thread 0x0000000002b44000 Uncommon trap: reason=unstable_if action=reinterpret pc=0x000000000320f028 method=net.bytebuddy.jar.asm.ByteVector.putByte(I)Lnet/bytebuddy/jar/asm/ByteVector; @ 13

Classes redefined (0 events):
No events

Internal exceptions (10 events):
Event: 1.770 Thread 0x0000000002b44000 Exception <a 'java/security/PrivilegedActionException'> (0x00000000da7a2980) thrown at [C:\re\workspace\8-2-build-windows-amd64-cygwin\jdk8u221\13320\hotspot\src\share\vm\prims\jvm.cpp, line 1502]
Event: 1.770 Thread 0x0000000002b44000 Exception <a 'java/security/PrivilegedActionException'> (0x00000000da7a40c8) thrown at [C:\re\workspace\8-2-build-windows-amd64-cygwin\jdk8u221\13320\hotspot\src\share\vm\prims\jvm.cpp, line 1502]
Event: 1.771 Thread 0x0000000002b44000 Exception <a 'java/security/PrivilegedActionException'> (0x00000000da7a42d8) thrown at [C:\re\workspace\8-2-build-windows-amd64-cygwin\jdk8u221\13320\hotspot\src\share\vm\prims\jvm.cpp, line 1502]
Event: 2.152 Thread 0x0000000002b44000 Exception <a 'java/security/PrivilegedActionException'> (0x00000000dad61f00) thrown at [C:\re\workspace\8-2-build-windows-amd64-cygwin\jdk8u221\13320\hotspot\src\share\vm\prims\jvm.cpp, line 1502]
Event: 2.152 Thread 0x0000000002b44000 Exception <a 'java/security/PrivilegedActionException'> (0x00000000dad622f8) thrown at [C:\re\workspace\8-2-build-windows-amd64-cygwin\jdk8u221\13320\hotspot\src\share\vm\prims\jvm.cpp, line 1502]
Event: 2.154 Thread 0x0000000002b44000 Exception <a 'java/security/PrivilegedActionException'> (0x00000000dad66490) thrown at [C:\re\workspace\8-2-build-windows-amd64-cygwin\jdk8u221\13320\hotspot\src\share\vm\prims\jvm.cpp, line 1502]
Event: 2.154 Thread 0x0000000002b44000 Exception <a 'java/security/PrivilegedActionException'> (0x00000000dad66888) thrown at [C:\re\workspace\8-2-build-windows-amd64-cygwin\jdk8u221\13320\hotspot\src\share\vm\prims\jvm.cpp, line 1502]
Event: 3.591 Thread 0x0000000002b44000 Exception <a 'java/lang/ArrayIndexOutOfBoundsException': 18> (0x00000000da239050) thrown at [C:\re\workspace\8-2-build-windows-amd64-cygwin\jdk8u221\13320\hotspot\src\share\vm\interpreter\interpreterRuntime.cpp, line 368]
Event: 3.620 Thread 0x0000000002b44000 Exception <a 'java/lang/ArrayIndexOutOfBoundsException': 22> (0x00000000da2aadb0) thrown at [C:\re\workspace\8-2-build-windows-amd64-cygwin\jdk8u221\13320\hotspot\src\share\vm\interpreter\interpreterRuntime.cpp, line 368]
Event: 3.622 Thread 0x0000000002b44000 Exception <a 'java/lang/ArrayIndexOutOfBoundsException': 160> (0x00000000da2acf70) thrown at [C:\re\workspace\8-2-build-windows-amd64-cygwin\jdk8u221\13320\hotspot\src\share\vm\interpreter\interpreterRuntime.cpp, line 368]

Events (10 events):
Event: 7.016 loading class sun/misc/JavaOISAccess
Event: 7.016 loading class sun/misc/JavaOISAccess done
Event: 7.016 loading class sun/misc/JavaAWTAccess
Event: 7.016 loading class sun/misc/JavaAWTAccess done
Event: 7.016 loading class sun/misc/JavaNetHttpCookieAccess
Event: 7.016 loading class sun/misc/JavaNetHttpCookieAccess done
Event: 7.016 loading class sun/misc/JavaObjectInputStreamAccess
Event: 7.017 loading class sun/misc/JavaObjectInputStreamAccess done
Event: 7.017 loading class sun/misc/JavaxCryptoSealedObjectAccess
Event: 7.017 loading class sun/misc/JavaxCryptoSealedObjectAccess done


Dynamic libraries:
0x00007ff7ff0f0000 - 0x00007ff7ff127000 	C:\Program Files\Java\jdk1.8.0_221\bin\java.exe
0x00007ffa6ed00000 - 0x00007ffa6eef0000 	C:\WINDOWS\SYSTEM32\ntdll.dll
0x00007ffa6e470000 - 0x00007ffa6e522000 	C:\WINDOWS\System32\KERNEL32.DLL
0x00007ffa6ca50000 - 0x00007ffa6ccf3000 	C:\WINDOWS\System32\KERNELBASE.dll
0x00007ffa6eaa0000 - 0x00007ffa6eb43000 	C:\WINDOWS\System32\ADVAPI32.dll
0x00007ffa6e9f0000 - 0x00007ffa6ea8e000 	C:\WINDOWS\System32\msvcrt.dll
0x00007ffa6e8d0000 - 0x00007ffa6e967000 	C:\WINDOWS\System32\sechost.dll
0x00007ffa6e2f0000 - 0x00007ffa6e410000 	C:\WINDOWS\System32\RPCRT4.dll
0x00007ffa6de10000 - 0x00007ffa6dfa4000 	C:\WINDOWS\System32\USER32.dll
0x00007ffa6bc90000 - 0x00007ffa6bcb1000 	C:\WINDOWS\System32\win32u.dll
0x00007ffa6e640000 - 0x00007ffa6e666000 	C:\WINDOWS\System32\GDI32.dll
0x00007ffa6bd20000 - 0x00007ffa6beb4000 	C:\WINDOWS\System32\gdi32full.dll
0x00007ffa6c940000 - 0x00007ffa6c9de000 	C:\WINDOWS\System32\msvcp_win.dll
0x00007ffa6bec0000 - 0x00007ffa6bfba000 	C:\WINDOWS\System32\ucrtbase.dll
0x00007ffa5d3e0000 - 0x00007ffa5d665000 	C:\WINDOWS\WinSxS\amd64_microsoft.windows.common-controls_6595b64144ccf1df_6.0.18362.657_none_e6c5b579130e3898\COMCTL32.dll
0x00007ffa6dfb0000 - 0x00007ffa6e2e6000 	C:\WINDOWS\System32\combase.dll
0x00007ffa6cd30000 - 0x00007ffa6cdb0000 	C:\WINDOWS\System32\bcryptPrimitives.dll
0x00007ffa6ec90000 - 0x00007ffa6ecbe000 	C:\WINDOWS\System32\IMM32.DLL
0x0000000062330000 - 0x0000000062402000 	C:\Program Files\Java\jdk1.8.0_221\jre\bin\msvcr100.dll
0x0000000062410000 - 0x0000000062cb5000 	C:\Program Files\Java\jdk1.8.0_221\jre\bin\server\jvm.dll
0x00007ffa6e9e0000 - 0x00007ffa6e9e8000 	C:\WINDOWS\System32\PSAPI.DLL
0x00007ffa53020000 - 0x00007ffa53029000 	C:\WINDOWS\SYSTEM32\WSOCK32.dll
0x00007ffa69710000 - 0x00007ffa69734000 	C:\WINDOWS\SYSTEM32\WINMM.dll
0x00007ffa6e970000 - 0x00007ffa6e9df000 	C:\WINDOWS\System32\WS2_32.dll
0x00007ffa644f0000 - 0x00007ffa644fa000 	C:\WINDOWS\SYSTEM32\VERSION.dll
0x00007ffa696e0000 - 0x00007ffa6970d000 	C:\WINDOWS\SYSTEM32\winmmbase.dll
0x00007ffa6ca00000 - 0x00007ffa6ca4a000 	C:\WINDOWS\System32\cfgmgr32.dll
0x00007ffa53010000 - 0x00007ffa5301f000 	C:\Program Files\Java\jdk1.8.0_221\jre\bin\verify.dll
0x00007ffa4efa0000 - 0x00007ffa4efc9000 	C:\Program Files\Java\jdk1.8.0_221\jre\bin\java.dll
0x00007ffa4ef80000 - 0x00007ffa4ef96000 	C:\Program Files\Java\jdk1.8.0_221\jre\bin\zip.dll
0x00007ffa6cdb0000 - 0x00007ffa6d495000 	C:\WINDOWS\System32\SHELL32.dll
0x00007ffa6e530000 - 0x00007ffa6e5d9000 	C:\WINDOWS\System32\shcore.dll
0x00007ffa6c1c0000 - 0x00007ffa6c93f000 	C:\WINDOWS\System32\windows.storage.dll
0x00007ffa6bbe0000 - 0x00007ffa6bbff000 	C:\WINDOWS\System32\profapi.dll
0x00007ffa6bc00000 - 0x00007ffa6bc4a000 	C:\WINDOWS\System32\powrprof.dll
0x00007ffa6bbd0000 - 0x00007ffa6bbe0000 	C:\WINDOWS\System32\UMPDC.dll
0x00007ffa6d760000 - 0x00007ffa6d7b2000 	C:\WINDOWS\System32\shlwapi.dll
0x00007ffa6bc70000 - 0x00007ffa6bc81000 	C:\WINDOWS\System32\kernel.appcore.dll
0x00007ffa6c9e0000 - 0x00007ffa6c9f7000 	C:\WINDOWS\System32\cryptsp.dll
0x00007ffa4eb40000 - 0x00007ffa4eb5a000 	C:\Program Files\Java\jdk1.8.0_221\jre\bin\net.dll
0x00007ffa61ee0000 - 0x00007ffa620b6000 	C:\WINDOWS\SYSTEM32\urlmon.dll
0x00007ffa62210000 - 0x00007ffa624b6000 	C:\WINDOWS\SYSTEM32\iertutil.dll
0x00007ffa6b610000 - 0x00007ffa6b61c000 	C:\WINDOWS\SYSTEM32\CRYPTBASE.DLL
0x00007ffa6b3e0000 - 0x00007ffa6b447000 	C:\WINDOWS\system32\mswsock.dll
0x00007ffa4eb00000 - 0x00007ffa4eb16000 	C:\WINDOWS\system32\napinsp.dll
0x00007ffa49650000 - 0x00007ffa4966a000 	C:\WINDOWS\system32\pnrpnsp.dll
0x00007ffa6b130000 - 0x00007ffa6b1fa000 	C:\WINDOWS\SYSTEM32\DNSAPI.dll
0x00007ffa6ea90000 - 0x00007ffa6ea98000 	C:\WINDOWS\System32\NSI.dll
0x00007ffa6b0f0000 - 0x00007ffa6b12a000 	C:\WINDOWS\SYSTEM32\IPHLPAPI.DLL
0x00007ffa53000000 - 0x00007ffa5300e000 	C:\WINDOWS\System32\winrnr.dll
0x00007ffa68240000 - 0x00007ffa6825c000 	C:\WINDOWS\system32\NLAapi.dll
0x00007ffa65d80000 - 0x00007ffa65d95000 	C:\WINDOWS\system32\wshbth.dll
0x00007ffa60b60000 - 0x00007ffa60b6a000 	C:\Windows\System32\rasadhlp.dll
0x00007ffa643b0000 - 0x00007ffa64427000 	C:\WINDOWS\System32\fwpuclnt.dll
0x00007ffa6cd00000 - 0x00007ffa6cd26000 	C:\WINDOWS\System32\bcrypt.dll

VM Arguments:
jvm_args: -ea -Xbootclasspath/p:C:\Program Files\NetBeans 8.1\enterprise\modules\ext\javaee7-endorsed\javax.annotation-api.jar;C:\Program Files\NetBeans 8.1\enterprise\modules\ext\javaee7-endorsed\javax.xml.soap-api.jar;C:\Program Files\NetBeans 8.1\enterprise\modules\ext\javaee7-endorsed\jaxb-api-osgi.jar;C:\Program Files\NetBeans 8.1\enterprise\modules\ext\javaee7-endorsed\jaxws-api.jar;C:\Program Files\NetBeans 8.1\enterprise\modules\ext\javaee7-endorsed\jsr181-api.jar 
java_command: org.apache.tools.ant.taskdefs.optional.junit.JUnitTestRunner JUnitTesting.UserDaoTestWithMocking skipNonTests=false filtertrace=true haltOnError=false haltOnFailure=false showoutput=true outputtoformatters=true logfailedtests=true threadid=0 logtestlistenerevents=true formatter=org.apache.tools.ant.taskdefs.optional.junit.BriefJUnitResultFormatter formatter=org.apache.tools.ant.taskdefs.optional.junit.XMLJUnitResultFormatter,C:\Users\snake\AppData\Local\Temp\TEST-JUnitTesting.UserDaoTestWithMocking.xml crashfile=C:\Users\snake\AppData\Local\NetBeans\Cache\8.1\executor-snippets\junitvmwatcher4185945022888946538.properties propsfile=C:\Users\snake\AppData\Local\NetBeans\Cache\8.1\executor-snippets\junit4905723479366457997.properties
java_class_path (initial): C:\Users\snake\OneDrive - Dundalk Institute of Technology\Attachments\Web Testing\byte-buddy-1.10.5.jar;C:\Users\snake\OneDrive - Dundalk Institute of Technology\Attachments\Web Testing\byte-buddy-agent-1.10.5.jar;C:\Users\snake\OneDrive - Dundalk Institute of Technology\Attachments\Web Testing\json-simple-1.1.1.jar;C:\Users\snake\OneDrive - Dundalk Institute of Technology\Attachments\Web Testing\mockito-core-3.2.4.jar;C:\Users\snake\OneDrive - Dundalk Institute of Technology\Attachments\Web Testing\mysql-connector-java-8.0.18.jar;C:\Users\snake\OneDrive - Dundalk Institute of Technology\Attachments\Web Testing\objenesis-2.6.jar;C:\Users\snake\Downloads\parkinator\build\web\WEB-INF\classes;C:\Program Files\NetBeans 8.1\platform\modules\ext\junit-4.12.jar;C:\Program Files\NetBeans 8.1\platform\modules\ext\hamcrest-core-1.3.jar;C:\Users\snake\Downloads\parkinator\build\test\classes;C:\Program Files\glassfish-4.1.1\glassfish\modules\endorsed\javax.annotation-api.jar;C:\Program Files\glassfish-4.1.1\glassfish\modules\endorsed\jaxb-api.jar;C:\Program Files\glassfish-4.1.1\glassfish\modules\endorsed\webservices-api-osgi.jar;C:\Program Files\glassfish-4.1.1\glassfish\modules\bean-validator.jar;C:\Program Files\glassfish-4.1.1\glassfish\modules\cdi-api.jar;C:\Program Files\glassfish-4.1.1\glassfish\modules\javax.batch-api.jar;C:\Program Files\glassfish-4.1.1\glassfish\modules\javax.ejb-api.jar;C:\Program Files\glassfish-4.1.1\glassfish\modules\javax.el.jar;C:\Program Files\glassfish-4.1.1\glassfish\modules\javax.enterprise.concurrent-api.jar;C:\Program Files\glassfish-4.1.1\glassfish\modules\javax.enterprise.concurrent.jar;C:\Program Files\glassfish-4.1.1\glassfish\modules\javax.enterprise.deploy-api.jar;C:\Program Files\glassfish-4.1.1\glassfish\modules\javax.faces.jar;C:\Program Files\glassfish-4.1.1\glassfish\modules\javax.inject.jar;C:\Program Files\glassfish-4.1.1\glassfish\modules\javax.interceptor-api.jar;C:\Program Files\glassfish-4.1.1\
Launcher Type: SUN_STANDARD

Environment Variables:
PATH=C:\Program Files (x86)\Common Files\Oracle\Java\javapath;C:\WINDOWS\system32;C:\WINDOWS;C:\WINDOWS\System32\Wbem;C:\WINDOWS\System32\WindowsPowerShell\v1.0\;C:\WINDOWS\System32\OpenSSH\;C:\Program Files (x86)\AMD\ATI.ACE\Core-Static;C:\Program Files\nodejs\;C:\Program Files\Microsoft SQL Server\130\Tools\Binn\;C:\Program Files\Microsoft SQL Server\Client SDK\ODBC\170\Tools\Binn\;C:\Program Files\dotnet\;C:\Users\snake\AppData\Local\Microsoft\WindowsApps;;C:\Users\snake\AppData\Local\Programs\Microsoft VS Code\bin;C:\Users\snake\AppData\Roaming\npm
USERNAME=snake
OS=Windows_NT
PROCESSOR_IDENTIFIER=AMD64 Family 21 Model 19 Stepping 1, AuthenticAMD



---------------  S Y S T E M  ---------------

OS: Windows 10.0 , 64 bit Build 18362 (10.0.18362.329)

CPU:total 4 (initial active 4) (4 cores per cpu, 1 threads per core) family 21 model 19 stepping 1, cmov, cx8, fxsr, mmx, sse, sse2, sse3, ssse3, sse4.1, sse4.2, popcnt, avx, aes, clmul, mmxext, 3dnowpref, lzcnt, sse4a, tsc, tscinvbit, tscinv, bmi1

Memory: 4k page, physical 7540940k(1203116k free), swap 22109268k(4712k free)

vm_info: Java HotSpot(TM) 64-Bit Server VM (25.221-b11) for windows-amd64 JRE (1.8.0_221-b11), built on Jul  4 2019 04:39:29 by "java_re" with MS VC++ 10.0 (VS2010)

time: Thu Mar 05 14:12:08 2020
timezone: GMT Standard Time
elapsed time: 7 seconds (0d 0h 0m 7s)

