#
# There is insufficient memory for the Java Runtime Environment to continue.
# Native memory allocation (malloc) failed to allocate 80576 bytes for Chunk::new
# Possible reasons:
#   The system is out of physical RAM or swap space
#   The process is running with CompressedOops enabled, and the Java Heap may be blocking the growth of the native heap
# Possible solutions:
#   Reduce memory load on the system
#   Increase physical memory or swap space
#   Check if swap backing store is full
#   Decrease Java heap size (-Xmx/-Xms)
#   Decrease number of Java threads
#   Decrease Java thread stack sizes (-Xss)
#   Set larger code cache with -XX:ReservedCodeCacheSize=
#   JVM is running with Unscaled Compressed Oops mode in which the Java heap is
#     placed in the first 4GB address space. The Java Heap base address is the
#     maximum limit for the native heap growth. Please use -XX:HeapBaseMinAddress
#     to set the Java Heap base and to place the Java Heap above 4GB virtual address.
# This output file may be truncated or incomplete.
#
#  Out of Memory Error (allocation.cpp:389), pid=21472, tid=0x0000000000001d00
#
# JRE version: Java(TM) SE Runtime Environment (8.0_221-b11) (build 1.8.0_221-b11)
# Java VM: Java HotSpot(TM) 64-Bit Server VM (25.221-b11 mixed mode windows-amd64 compressed oops)
# Failed to write core dump. Minidumps are not enabled by default on client versions of Windows
#

---------------  T H R E A D  ---------------

Current thread (0x0000000016bd3800):  JavaThread "C2 CompilerThread0" daemon [_thread_in_native, id=7424, stack(0x0000000018220000,0x0000000018320000)]

Stack: [0x0000000018220000,0x0000000018320000]
[error occurred during error reporting (printing stack bounds), id 0xc0000005]

Native frames: (J=compiled Java code, j=interpreted, Vv=VM code, C=native code)


Current CompileTask:
C2:   3287  695       4       java.util.HashMap::putVal (300 bytes)


---------------  P R O C E S S  ---------------

Java Threads: ( => current thread )
  0x0000000016c2c800 JavaThread "Service Thread" daemon [_thread_blocked, id=20696, stack(0x0000000018920000,0x0000000018a20000)]
  0x0000000016bf2800 JavaThread "C1 CompilerThread2" daemon [_thread_blocked, id=9140, stack(0x0000000018420000,0x0000000018520000)]
  0x0000000016bd6800 JavaThread "C2 CompilerThread1" daemon [_thread_in_native, id=22204, stack(0x0000000018320000,0x0000000018420000)]
=>0x0000000016bd3800 JavaThread "C2 CompilerThread0" daemon [_thread_in_native, id=7424, stack(0x0000000018220000,0x0000000018320000)]
  0x0000000016bd2800 JavaThread "Attach Listener" daemon [_thread_blocked, id=8208, stack(0x0000000018120000,0x0000000018220000)]
  0x0000000016bdf800 JavaThread "Signal Dispatcher" daemon [_thread_blocked, id=13816, stack(0x0000000018020000,0x0000000018120000)]
  0x000000000272d000 JavaThread "Finalizer" daemon [_thread_blocked, id=25064, stack(0x0000000017e20000,0x0000000017f20000)]
  0x0000000016bba000 JavaThread "Reference Handler" daemon [_thread_blocked, id=11580, stack(0x0000000017d20000,0x0000000017e20000)]
  0x0000000002634000 JavaThread "main" [_thread_in_Java, id=7084, stack(0x0000000002530000,0x0000000002630000)]

Other Threads:
  0x0000000016b97800 VMThread [stack: 0x0000000017c20000,0x0000000017d20000] [id=24316]
  0x0000000016c2d800 WatcherThread [stack: 0x0000000018a20000,0x0000000018b20000] [id=25192]

VM state:not at safepoint (normal execution)

VM Mutex/Monitor currently owned by a thread:  ([mutex/lock_event])
[0x0000000002632660] Compile_lock - owner thread: 0x0000000000000000

heap address: 0x000000008ce00000, size: 1842 MB, Compressed Oops mode: 32-bit
Narrow klass base: 0x0000000000000000, Narrow klass shift: 3
Compressed class space size: 1073741824 Address: 0x0000000100000000

Heap:
 PSYoungGen      total 34816K, used 5802K [0x00000000d9a00000, 0x00000000dc080000, 0x0000000100000000)
  eden space 30208K, 3% used [0x00000000d9a00000,0x00000000d9b2ce58,0x00000000db780000)
  from space 4608K, 99% used [0x00000000dbc00000,0x00000000dc07dd70,0x00000000dc080000)
  to   space 4608K, 0% used [0x00000000db780000,0x00000000db780000,0x00000000dbc00000)
 ParOldGen       total 79360K, used 1898K [0x000000008ce00000, 0x0000000091b80000, 0x00000000d9a00000)
  object space 79360K, 2% used [0x000000008ce00000,0x000000008cfda890,0x0000000091b80000)
 Metaspace       used 7599K, capacity 7722K, committed 7936K, reserved 1056768K
  class space    used 921K, capacity 977K, committed 1024K, reserved 1048576K

Card table byte_map: [0x0000000011af0000,0x0000000011e90000] byte_map_base: 0x0000000011689000

Marking Bits: (ParMarkBitMap*) 0x0000000062c35ce0
 Begin Bits: [0x0000000012500000, 0x00000000141c8000)
 End Bits:   [0x00000000141c8000, 0x0000000015e90000)

Polling page: 0x0000000000660000

CodeCache: size=245760Kb used=3180Kb max_used=3180Kb free=242579Kb
 bounds [0x0000000002730000, 0x0000000002a50000, 0x0000000011730000]
 total_blobs=1002 nmethods=696 adapters=220
 compilation: enabled

Compilation events (10 events):
Event: 3.271 Thread 0x0000000016bf2800  692       3       java.util.ArrayList::grow (45 bytes)
Event: 3.272 Thread 0x0000000016bf2800 nmethod 692 0x0000000002a4bd90 code [0x0000000002a4bf20, 0x0000000002a4c418]
Event: 3.272 Thread 0x0000000016bf2800  690       3       java.util.HashMap::tableSizeFor (59 bytes)
Event: 3.273 Thread 0x0000000016bf2800 nmethod 690 0x0000000002a47810 code [0x0000000002a47980, 0x0000000002a47b90]
Event: 3.276 Thread 0x0000000016bf2800  694       3       sun.misc.ProxyGenerator::code_aload (11 bytes)
Event: 3.276 Thread 0x0000000016bd3800  695       4       java.util.HashMap::putVal (300 bytes)
Event: 3.277 Thread 0x0000000016bd6800  697       4       java.util.HashMap::put (13 bytes)
Event: 3.277 Thread 0x0000000016bf2800 nmethod 694 0x0000000002a4c990 code [0x0000000002a4cb00, 0x0000000002a4cca8]
Event: 3.277 Thread 0x0000000016bf2800  696       1       sun.misc.ProxyGenerator::access$800 (5 bytes)
Event: 3.277 Thread 0x0000000016bf2800 nmethod 696 0x0000000002a4cd50 code [0x0000000002a4cea0, 0x0000000002a4cf90]

GC Heap History (4 events):
Event: 1.491 GC heap before
{Heap before GC invocations=1 (full 0):
 PSYoungGen      total 34816K, used 30208K [0x00000000d9a00000, 0x00000000dc080000, 0x0000000100000000)
  eden space 30208K, 100% used [0x00000000d9a00000,0x00000000db780000,0x00000000db780000)
  from space 4608K, 0% used [0x00000000dbc00000,0x00000000dbc00000,0x00000000dc080000)
  to   space 4608K, 0% used [0x00000000db780000,0x00000000db780000,0x00000000dbc00000)
 ParOldGen       total 79360K, used 0K [0x000000008ce00000, 0x0000000091b80000, 0x00000000d9a00000)
  object space 79360K, 0% used [0x000000008ce00000,0x000000008ce00000,0x0000000091b80000)
 Metaspace       used 2837K, capacity 4480K, committed 4480K, reserved 1056768K
  class space    used 289K, capacity 384K, committed 384K, reserved 1048576K
Event: 1.502 GC heap after
Heap after GC invocations=1 (full 0):
 PSYoungGen      total 34816K, used 3326K [0x00000000d9a00000, 0x00000000dc080000, 0x0000000100000000)
  eden space 30208K, 0% used [0x00000000d9a00000,0x00000000d9a00000,0x00000000db780000)
  from space 4608K, 72% used [0x00000000db780000,0x00000000dbabf9f8,0x00000000dbc00000)
  to   space 4608K, 0% used [0x00000000dbc00000,0x00000000dbc00000,0x00000000dc080000)
 ParOldGen       total 79360K, used 8K [0x000000008ce00000, 0x0000000091b80000, 0x00000000d9a00000)
  object space 79360K, 0% used [0x000000008ce00000,0x000000008ce02000,0x0000000091b80000)
 Metaspace       used 2837K, capacity 4480K, committed 4480K, reserved 1056768K
  class space    used 289K, capacity 384K, committed 384K, reserved 1048576K
}
Event: 3.230 GC heap before
{Heap before GC invocations=2 (full 0):
 PSYoungGen      total 34816K, used 33534K [0x00000000d9a00000, 0x00000000dc080000, 0x0000000100000000)
  eden space 30208K, 100% used [0x00000000d9a00000,0x00000000db780000,0x00000000db780000)
  from space 4608K, 72% used [0x00000000db780000,0x00000000dbabf9f8,0x00000000dbc00000)
  to   space 4608K, 0% used [0x00000000dbc00000,0x00000000dbc00000,0x00000000dc080000)
 ParOldGen       total 79360K, used 8K [0x000000008ce00000, 0x0000000091b80000, 0x00000000d9a00000)
  object space 79360K, 0% used [0x000000008ce00000,0x000000008ce02000,0x0000000091b80000)
 Metaspace       used 7468K, capacity 7524K, committed 7680K, reserved 1056768K
  class space    used 905K, capacity 912K, committed 1024K, reserved 1048576K
Event: 3.247 GC heap after
Heap after GC invocations=2 (full 0):
 PSYoungGen      total 34816K, used 4599K [0x00000000d9a00000, 0x00000000dc080000, 0x0000000100000000)
  eden space 30208K, 0% used [0x00000000d9a00000,0x00000000d9a00000,0x00000000db780000)
  from space 4608K, 99% used [0x00000000dbc00000,0x00000000dc07dd70,0x00000000dc080000)
  to   space 4608K, 0% used [0x00000000db780000,0x00000000db780000,0x00000000dbc00000)
 ParOldGen       total 79360K, used 1898K [0x000000008ce00000, 0x0000000091b80000, 0x00000000d9a00000)
  object space 79360K, 2% used [0x000000008ce00000,0x000000008cfda890,0x0000000091b80000)
 Metaspace       used 7468K, capacity 7524K, committed 7680K, reserved 1056768K
  class space    used 905K, capacity 912K, committed 1024K, reserved 1048576K
}

Deoptimization events (10 events):
Event: 1.919 Thread 0x0000000002634000 Uncommon trap: reason=unstable_if action=reinterpret pc=0x00000000028e039c method=java.lang.String.replace(CC)Ljava/lang/String; @ 59
Event: 1.921 Thread 0x0000000002634000 Uncommon trap: reason=unstable_if action=reinterpret pc=0x000000000287e5b8 method=java.lang.String.hashCode()I @ 14
Event: 1.928 Thread 0x0000000002634000 Uncommon trap: reason=unstable_if action=reinterpret pc=0x00000000028aac68 method=java.lang.String.startsWith(Ljava/lang/String;I)Z @ 37
Event: 1.931 Thread 0x0000000002634000 Uncommon trap: reason=class_check action=maybe_recompile pc=0x000000000293f224 method=java.util.HashMap.getNode(ILjava/lang/Object;)Ljava/util/HashMap$Node; @ 126
Event: 1.957 Thread 0x0000000002634000 Uncommon trap: reason=class_check action=maybe_recompile pc=0x000000000293f224 method=java.util.HashMap.getNode(ILjava/lang/Object;)Ljava/util/HashMap$Node; @ 126
Event: 1.977 Thread 0x0000000002634000 Uncommon trap: reason=class_check action=maybe_recompile pc=0x000000000293f224 method=java.util.HashMap.getNode(ILjava/lang/Object;)Ljava/util/HashMap$Node; @ 126
Event: 1.978 Thread 0x0000000002634000 Uncommon trap: reason=class_check action=maybe_recompile pc=0x000000000293f224 method=java.util.HashMap.getNode(ILjava/lang/Object;)Ljava/util/HashMap$Node; @ 126
Event: 1.994 Thread 0x0000000002634000 Uncommon trap: reason=unstable_if action=reinterpret pc=0x0000000002977750 method=java.net.URLStreamHandler.parseURL(Ljava/net/URL;Ljava/lang/String;II)V @ 133
Event: 2.313 Thread 0x0000000002634000 Uncommon trap: reason=unstable_if action=reinterpret pc=0x0000000002938f28 method=sun.net.www.ParseUtil.decode(Ljava/lang/String;)Ljava/lang/String; @ 15
Event: 2.502 Thread 0x0000000002634000 Uncommon trap: reason=unstable_if action=reinterpret pc=0x0000000002971af4 method=java.util.HashMap.getNode(ILjava/lang/Object;)Ljava/util/HashMap$Node; @ 62

Classes redefined (0 events):
No events

Internal exceptions (10 events):
Event: 1.865 Thread 0x0000000002634000 Exception <a 'java/security/PrivilegedActionException'> (0x00000000da79dc50) thrown at [C:\re\workspace\8-2-build-windows-amd64-cygwin\jdk8u221\13320\hotspot\src\share\vm\prims\jvm.cpp, line 1502]
Event: 1.865 Thread 0x0000000002634000 Exception <a 'java/security/PrivilegedActionException'> (0x00000000da79de60) thrown at [C:\re\workspace\8-2-build-windows-amd64-cygwin\jdk8u221\13320\hotspot\src\share\vm\prims\jvm.cpp, line 1502]
Event: 1.865 Thread 0x0000000002634000 Exception <a 'java/security/PrivilegedActionException'> (0x00000000da79f8a0) thrown at [C:\re\workspace\8-2-build-windows-amd64-cygwin\jdk8u221\13320\hotspot\src\share\vm\prims\jvm.cpp, line 1502]
Event: 1.865 Thread 0x0000000002634000 Exception <a 'java/security/PrivilegedActionException'> (0x00000000da79fab0) thrown at [C:\re\workspace\8-2-build-windows-amd64-cygwin\jdk8u221\13320\hotspot\src\share\vm\prims\jvm.cpp, line 1502]
Event: 1.865 Thread 0x0000000002634000 Exception <a 'java/security/PrivilegedActionException'> (0x00000000da7a11e0) thrown at [C:\re\workspace\8-2-build-windows-amd64-cygwin\jdk8u221\13320\hotspot\src\share\vm\prims\jvm.cpp, line 1502]
Event: 1.865 Thread 0x0000000002634000 Exception <a 'java/security/PrivilegedActionException'> (0x00000000da7a13f0) thrown at [C:\re\workspace\8-2-build-windows-amd64-cygwin\jdk8u221\13320\hotspot\src\share\vm\prims\jvm.cpp, line 1502]
Event: 2.267 Thread 0x0000000002634000 Exception <a 'java/security/PrivilegedActionException'> (0x00000000dad62680) thrown at [C:\re\workspace\8-2-build-windows-amd64-cygwin\jdk8u221\13320\hotspot\src\share\vm\prims\jvm.cpp, line 1502]
Event: 2.267 Thread 0x0000000002634000 Exception <a 'java/security/PrivilegedActionException'> (0x00000000dad62a78) thrown at [C:\re\workspace\8-2-build-windows-amd64-cygwin\jdk8u221\13320\hotspot\src\share\vm\prims\jvm.cpp, line 1502]
Event: 2.268 Thread 0x0000000002634000 Exception <a 'java/security/PrivilegedActionException'> (0x00000000dad66c10) thrown at [C:\re\workspace\8-2-build-windows-amd64-cygwin\jdk8u221\13320\hotspot\src\share\vm\prims\jvm.cpp, line 1502]
Event: 2.268 Thread 0x0000000002634000 Exception <a 'java/security/PrivilegedActionException'> (0x00000000dad67008) thrown at [C:\re\workspace\8-2-build-windows-amd64-cygwin\jdk8u221\13320\hotspot\src\share\vm\prims\jvm.cpp, line 1502]

Events (10 events):
Event: 3.261 loading class sun/reflect/ClassDefiner$1
Event: 3.261 loading class sun/reflect/ClassDefiner$1 done
Event: 3.262 loading class sun/reflect/BootstrapConstructorAccessorImpl
Event: 3.262 loading class sun/reflect/BootstrapConstructorAccessorImpl done
Event: 3.274 loading class net/bytebuddy/implementation/bind/annotation/AllArguments$Assignment
Event: 3.274 loading class net/bytebuddy/implementation/bind/annotation/AllArguments$Assignment done
Event: 3.279 loading class net/bytebuddy/implementation/bytecode/assign/Assigner$Typing
Event: 3.279 loading class net/bytebuddy/implementation/bytecode/assign/Assigner$Typing done
Event: 3.281 loading class net/bytebuddy/implementation/bind/annotation/TargetMethodAnnotationDrivenBinder$DelegationProcessor$Handler$Bound
Event: 3.281 loading class net/bytebuddy/implementation/bind/annotation/TargetMethodAnnotationDrivenBinder$DelegationProcessor$Handler$Bound done


Dynamic libraries:
0x00007ff6d6720000 - 0x00007ff6d6757000 	C:\Program Files\Java\jdk1.8.0_221\bin\java.exe
0x00007ffa6ed00000 - 0x00007ffa6eef0000 	C:\WINDOWS\SYSTEM32\ntdll.dll
0x00007ffa6e470000 - 0x00007ffa6e522000 	C:\WINDOWS\System32\KERNEL32.DLL
0x00007ffa6ca50000 - 0x00007ffa6ccf3000 	C:\WINDOWS\System32\KERNELBASE.dll
0x00007ffa6eaa0000 - 0x00007ffa6eb43000 	C:\WINDOWS\System32\ADVAPI32.dll
0x00007ffa6e9f0000 - 0x00007ffa6ea8e000 	C:\WINDOWS\System32\msvcrt.dll
0x00007ffa6e8d0000 - 0x00007ffa6e967000 	C:\WINDOWS\System32\sechost.dll
0x00007ffa6e2f0000 - 0x00007ffa6e410000 	C:\WINDOWS\System32\RPCRT4.dll
0x00007ffa6de10000 - 0x00007ffa6dfa4000 	C:\WINDOWS\System32\USER32.dll
0x00007ffa6bc90000 - 0x00007ffa6bcb1000 	C:\WINDOWS\System32\win32u.dll
0x00007ffa6e640000 - 0x00007ffa6e666000 	C:\WINDOWS\System32\GDI32.dll
0x00007ffa6bd20000 - 0x00007ffa6beb4000 	C:\WINDOWS\System32\gdi32full.dll
0x00007ffa6c940000 - 0x00007ffa6c9de000 	C:\WINDOWS\System32\msvcp_win.dll
0x00007ffa6bec0000 - 0x00007ffa6bfba000 	C:\WINDOWS\System32\ucrtbase.dll
0x00007ffa5d3e0000 - 0x00007ffa5d665000 	C:\WINDOWS\WinSxS\amd64_microsoft.windows.common-controls_6595b64144ccf1df_6.0.18362.657_none_e6c5b579130e3898\COMCTL32.dll
0x00007ffa6dfb0000 - 0x00007ffa6e2e6000 	C:\WINDOWS\System32\combase.dll
0x00007ffa6cd30000 - 0x00007ffa6cdb0000 	C:\WINDOWS\System32\bcryptPrimitives.dll
0x00007ffa6ec90000 - 0x00007ffa6ecbe000 	C:\WINDOWS\System32\IMM32.DLL
0x0000000062330000 - 0x0000000062402000 	C:\Program Files\Java\jdk1.8.0_221\jre\bin\msvcr100.dll
0x0000000062410000 - 0x0000000062cb5000 	C:\Program Files\Java\jdk1.8.0_221\jre\bin\server\jvm.dll
0x00007ffa6e9e0000 - 0x00007ffa6e9e8000 	C:\WINDOWS\System32\PSAPI.DLL
0x00007ffa53020000 - 0x00007ffa53029000 	C:\WINDOWS\SYSTEM32\WSOCK32.dll
0x00007ffa6e970000 - 0x00007ffa6e9df000 	C:\WINDOWS\System32\WS2_32.dll
0x00007ffa69710000 - 0x00007ffa69734000 	C:\WINDOWS\SYSTEM32\WINMM.dll
0x00007ffa644f0000 - 0x00007ffa644fa000 	C:\WINDOWS\SYSTEM32\VERSION.dll
0x00007ffa696e0000 - 0x00007ffa6970d000 	C:\WINDOWS\SYSTEM32\winmmbase.dll
0x00007ffa6ca00000 - 0x00007ffa6ca4a000 	C:\WINDOWS\System32\cfgmgr32.dll
0x00007ffa53010000 - 0x00007ffa5301f000 	C:\Program Files\Java\jdk1.8.0_221\jre\bin\verify.dll
0x00007ffa4efa0000 - 0x00007ffa4efc9000 	C:\Program Files\Java\jdk1.8.0_221\jre\bin\java.dll
0x00007ffa4ef80000 - 0x00007ffa4ef96000 	C:\Program Files\Java\jdk1.8.0_221\jre\bin\zip.dll
0x00007ffa6cdb0000 - 0x00007ffa6d495000 	C:\WINDOWS\System32\SHELL32.dll
0x00007ffa6e530000 - 0x00007ffa6e5d9000 	C:\WINDOWS\System32\shcore.dll
0x00007ffa6c1c0000 - 0x00007ffa6c93f000 	C:\WINDOWS\System32\windows.storage.dll
0x00007ffa6bbe0000 - 0x00007ffa6bbff000 	C:\WINDOWS\System32\profapi.dll
0x00007ffa6bc00000 - 0x00007ffa6bc4a000 	C:\WINDOWS\System32\powrprof.dll
0x00007ffa6bbd0000 - 0x00007ffa6bbe0000 	C:\WINDOWS\System32\UMPDC.dll
0x00007ffa6d760000 - 0x00007ffa6d7b2000 	C:\WINDOWS\System32\shlwapi.dll
0x00007ffa6bc70000 - 0x00007ffa6bc81000 	C:\WINDOWS\System32\kernel.appcore.dll
0x00007ffa6c9e0000 - 0x00007ffa6c9f7000 	C:\WINDOWS\System32\cryptsp.dll
0x00007ffa4eb40000 - 0x00007ffa4eb5a000 	C:\Program Files\Java\jdk1.8.0_221\jre\bin\net.dll
0x00007ffa61ee0000 - 0x00007ffa620b6000 	C:\WINDOWS\SYSTEM32\urlmon.dll
0x00007ffa62210000 - 0x00007ffa624b6000 	C:\WINDOWS\SYSTEM32\iertutil.dll
0x00007ffa6b610000 - 0x00007ffa6b61c000 	C:\WINDOWS\SYSTEM32\CRYPTBASE.DLL
0x00007ffa6b3e0000 - 0x00007ffa6b447000 	C:\WINDOWS\system32\mswsock.dll
0x00007ffa4eb00000 - 0x00007ffa4eb16000 	C:\WINDOWS\system32\napinsp.dll
0x00007ffa49650000 - 0x00007ffa4966a000 	C:\WINDOWS\system32\pnrpnsp.dll
0x00007ffa6b130000 - 0x00007ffa6b1fa000 	C:\WINDOWS\SYSTEM32\DNSAPI.dll
0x00007ffa6ea90000 - 0x00007ffa6ea98000 	C:\WINDOWS\System32\NSI.dll
0x00007ffa6b0f0000 - 0x00007ffa6b12a000 	C:\WINDOWS\SYSTEM32\IPHLPAPI.DLL
0x00007ffa53000000 - 0x00007ffa5300e000 	C:\WINDOWS\System32\winrnr.dll
0x00007ffa68240000 - 0x00007ffa6825c000 	C:\WINDOWS\system32\NLAapi.dll
0x00007ffa65d80000 - 0x00007ffa65d95000 	C:\WINDOWS\system32\wshbth.dll
0x00007ffa60b60000 - 0x00007ffa60b6a000 	C:\Windows\System32\rasadhlp.dll
0x00007ffa643b0000 - 0x00007ffa64427000 	C:\WINDOWS\System32\fwpuclnt.dll
0x00007ffa6cd00000 - 0x00007ffa6cd26000 	C:\WINDOWS\System32\bcrypt.dll

VM Arguments:
jvm_args: -ea -Xbootclasspath/p:C:\Program Files\NetBeans 8.1\enterprise\modules\ext\javaee7-endorsed\javax.annotation-api.jar;C:\Program Files\NetBeans 8.1\enterprise\modules\ext\javaee7-endorsed\javax.xml.soap-api.jar;C:\Program Files\NetBeans 8.1\enterprise\modules\ext\javaee7-endorsed\jaxb-api-osgi.jar;C:\Program Files\NetBeans 8.1\enterprise\modules\ext\javaee7-endorsed\jaxws-api.jar;C:\Program Files\NetBeans 8.1\enterprise\modules\ext\javaee7-endorsed\jsr181-api.jar 
java_command: org.apache.tools.ant.taskdefs.optional.junit.JUnitTestRunner JUnitTesting.UserDaoTestWithMocking skipNonTests=false filtertrace=true haltOnError=false haltOnFailure=false showoutput=true outputtoformatters=true logfailedtests=true threadid=0 logtestlistenerevents=true formatter=org.apache.tools.ant.taskdefs.optional.junit.BriefJUnitResultFormatter formatter=org.apache.tools.ant.taskdefs.optional.junit.XMLJUnitResultFormatter,C:\Users\snake\AppData\Local\Temp\TEST-JUnitTesting.UserDaoTestWithMocking.xml crashfile=C:\Users\snake\AppData\Local\NetBeans\Cache\8.1\executor-snippets\junitvmwatcher4380417640045901436.properties propsfile=C:\Users\snake\AppData\Local\NetBeans\Cache\8.1\executor-snippets\junit7392106952238866979.properties
java_class_path (initial): C:\Users\snake\OneDrive - Dundalk Institute of Technology\Attachments\Web Testing\byte-buddy-1.10.5.jar;C:\Users\snake\OneDrive - Dundalk Institute of Technology\Attachments\Web Testing\byte-buddy-agent-1.10.5.jar;C:\Users\snake\OneDrive - Dundalk Institute of Technology\Attachments\Web Testing\json-simple-1.1.1.jar;C:\Users\snake\OneDrive - Dundalk Institute of Technology\Attachments\Web Testing\mockito-core-3.2.4.jar;C:\Users\snake\OneDrive - Dundalk Institute of Technology\Attachments\Web Testing\mysql-connector-java-8.0.18.jar;C:\Users\snake\OneDrive - Dundalk Institute of Technology\Attachments\Web Testing\objenesis-2.6.jar;C:\Users\snake\Downloads\parkinator\build\web\WEB-INF\classes;C:\Program Files\NetBeans 8.1\platform\modules\ext\junit-4.12.jar;C:\Program Files\NetBeans 8.1\platform\modules\ext\hamcrest-core-1.3.jar;C:\Users\snake\Downloads\parkinator\build\test\classes;C:\Program Files\glassfish-4.1.1\glassfish\modules\endorsed\javax.annotation-api.jar;C:\Program Files\glassfish-4.1.1\glassfish\modules\endorsed\jaxb-api.jar;C:\Program Files\glassfish-4.1.1\glassfish\modules\endorsed\webservices-api-osgi.jar;C:\Program Files\glassfish-4.1.1\glassfish\modules\bean-validator.jar;C:\Program Files\glassfish-4.1.1\glassfish\modules\cdi-api.jar;C:\Program Files\glassfish-4.1.1\glassfish\modules\javax.batch-api.jar;C:\Program Files\glassfish-4.1.1\glassfish\modules\javax.ejb-api.jar;C:\Program Files\glassfish-4.1.1\glassfish\modules\javax.el.jar;C:\Program Files\glassfish-4.1.1\glassfish\modules\javax.enterprise.concurrent-api.jar;C:\Program Files\glassfish-4.1.1\glassfish\modules\javax.enterprise.concurrent.jar;C:\Program Files\glassfish-4.1.1\glassfish\modules\javax.enterprise.deploy-api.jar;C:\Program Files\glassfish-4.1.1\glassfish\modules\javax.faces.jar;C:\Program Files\glassfish-4.1.1\glassfish\modules\javax.inject.jar;C:\Program Files\glassfish-4.1.1\glassfish\modules\javax.interceptor-api.jar;C:\Program Files\glassfish-4.1.1\
Launcher Type: SUN_STANDARD

Environment Variables:
PATH=C:\Program Files (x86)\Common Files\Oracle\Java\javapath;C:\WINDOWS\system32;C:\WINDOWS;C:\WINDOWS\System32\Wbem;C:\WINDOWS\System32\WindowsPowerShell\v1.0\;C:\WINDOWS\System32\OpenSSH\;C:\Program Files (x86)\AMD\ATI.ACE\Core-Static;C:\Program Files\nodejs\;C:\Program Files\Microsoft SQL Server\130\Tools\Binn\;C:\Program Files\Microsoft SQL Server\Client SDK\ODBC\170\Tools\Binn\;C:\Program Files\dotnet\;C:\Users\snake\AppData\Local\Microsoft\WindowsApps;;C:\Users\snake\AppData\Local\Programs\Microsoft VS Code\bin;C:\Users\snake\AppData\Roaming\npm
USERNAME=snake
OS=Windows_NT
PROCESSOR_IDENTIFIER=AMD64 Family 21 Model 19 Stepping 1, AuthenticAMD



---------------  S Y S T E M  ---------------

OS: Windows 10.0 , 64 bit Build 18362 (10.0.18362.329)

CPU:total 4 (initial active 4) (4 cores per cpu, 1 threads per core) family 21 model 19 stepping 1, cmov, cx8, fxsr, mmx, sse, sse2, sse3, ssse3, sse4.1, sse4.2, popcnt, avx, aes, clmul, mmxext, 3dnowpref, lzcnt, sse4a, tsc, tscinvbit, tscinv, bmi1

Memory: 4k page, physical 7540940k(861296k free), swap 22109268k(1540k free)

vm_info: Java HotSpot(TM) 64-Bit Server VM (25.221-b11) for windows-amd64 JRE (1.8.0_221-b11), built on Jul  4 2019 04:39:29 by "java_re" with MS VC++ 10.0 (VS2010)

time: Thu Mar 05 10:26:24 2020
timezone: GMT Standard Time
elapsed time: 3 seconds (0d 0h 0m 3s)

